<?xml version="1.0" encoding="UTF-8"?>
<!-- Generated by org.testng.reporters.JUnitReportReporter -->
<testsuite hostname="LAPTOP-K58RH41K" failures="0" tests="1" name="com.allianzAuto.testCases.TestCaseDemo" time="2.965" errors="0" timestamp="2024-01-07T11:52:31 ICT" skipped="0">
  <testcase classname="com.allianzAuto.testCases.TestCaseDemo" name="verivyLogin" time="2.965"/>
</testsuite> <!-- com.allianzAuto.testCases.TestCaseDemo -->
