<?xml version="1.0" encoding="UTF-8"?>
<!-- Generated by org.testng.reporters.JUnitReportReporter -->
<testsuite hostname="LAPTOP-K58RH41K" failures="0" tests="1" name="com.allianzAuto.testCases.BootcampTestCase" time="6.712" errors="0" timestamp="2024-01-07T19:04:44 ICT" skipped="0">
  <testcase classname="com.allianzAuto.testCases.BootcampTestCase" name="searchBootcamp" time="6.712"/>
</testsuite> <!-- com.allianzAuto.testCases.BootcampTestCase -->
