<?xml version="1.0" encoding="UTF-8"?>
<!-- Generated by org.testng.reporters.JUnitReportReporter -->
<testsuite hostname="LAPTOP-K58RH41K" failures="0" tests="1" name="com.allianzAuto.testCases.NavigateProfileTestCase" time="9.117" errors="0" timestamp="2024-01-07T20:38:21 ICT" skipped="0">
  <testcase classname="com.allianzAuto.testCases.NavigateProfileTestCase" name="navigate" time="9.117"/>
</testsuite> <!-- com.allianzAuto.testCases.NavigateProfileTestCase -->
