<?xml version="1.0" encoding="UTF-8"?>
<!-- Generated by org.testng.reporters.JUnitReportReporter -->
<testsuite hostname="LAPTOP-K58RH41K" failures="0" tests="1" name="com.allianzAuto.testCases.SearchTestCase" time="10.636" errors="0" timestamp="2024-01-07T20:30:23 ICT" skipped="0">
  <testcase classname="com.allianzAuto.testCases.SearchTestCase" name="searchCourseTest" time="10.636"/>
</testsuite> <!-- com.allianzAuto.testCases.SearchTestCase -->
